<?xml version="1.0" encoding="UTF-8"?>
<!-- Generated by org.testng.reporters.JUnitXMLReporter -->
<testsuite hostname="Shree-PC" name="Command line test" tests="3" failures="0" timestamp="29 Aug 2013 14:21:45 GMT" time="23.838" errors="0">
  <testcase name="StartBrowser" time="11.638" classname="MavenProject.TestSetting"/>
  <testcase name="NavigateURL" time="12.166" classname="MavenProject.TestSetting"/>
  <testcase name="CloseBrowser" time="0.02" classname="MavenProject.TestSetting"/>
</testsuite>
