<?xml version="1.0" encoding="UTF-8"?>
<!-- Generated by org.testng.reporters.JUnitXMLReporter -->
<testsuite hostname="Shree-PC" name="Command line test" tests="3" failures="0" timestamp="24 Aug 2013 06:50:44 GMT" time="32.602" errors="0">
  <testcase name="StartBrowser" time="19.211" classname="MavenProject.TestSetting"/>
  <testcase name="NavigateURL" time="11.46" classname="MavenProject.TestSetting"/>
  <testcase name="CloseBrowser" time="1.917" classname="MavenProject.TestSetting"/>
</testsuite>
