<?xml version="1.0" encoding="UTF-8"?>
<testng-results skipped="0" failed="0" total="3" passed="3">
  <reporter-output>
  </reporter-output>
  <suite name="MavenProject.TestSetting" duration-ms="32602" started-at="2013-08-24T12:20:12Z" finished-at="2013-08-24T12:20:44Z">
    <groups>
    </groups>
    <test name="Command line test" duration-ms="32602" started-at="2013-08-24T12:20:12Z" finished-at="2013-08-24T12:20:44Z">
      <class name="MavenProject.TestSetting">
        <test-method status="PASS" signature="StartBrowser()[pri:1, instance:MavenProject.TestSetting@1d5ebc]" name="StartBrowser" duration-ms="19211" started-at="2013-08-24T12:20:12Z" finished-at="2013-08-24T12:20:31Z">
        </test-method>
        <test-method status="PASS" signature="NavigateURL()[pri:2, instance:MavenProject.TestSetting@1d5ebc]" name="NavigateURL" duration-ms="11460" started-at="2013-08-24T12:20:31Z" finished-at="2013-08-24T12:20:42Z">
        </test-method>
        <test-method status="PASS" signature="CloseBrowser()[pri:3, instance:MavenProject.TestSetting@1d5ebc]" name="CloseBrowser" duration-ms="1917" started-at="2013-08-24T12:20:42Z" finished-at="2013-08-24T12:20:44Z">
        </test-method>
      </class>
    </test>
  </suite>
</testng-results>
