<?xml version="1.0" encoding="UTF-8"?>
<testng-results skipped="0" failed="0" total="2" passed="2">
  <reporter-output>
  </reporter-output>
  <suite name="Default suite" duration-ms="16841" started-at="2013-08-23T14:59:57Z" finished-at="2013-08-23T15:00:13Z">
    <groups>
    </groups>
    <test name="Default test" duration-ms="16841" started-at="2013-08-23T14:59:57Z" finished-at="2013-08-23T15:00:13Z">
      <class name="MavenProject.StartSetting">
        <test-method status="PASS" signature="StartBrowser()[pri:0, instance:MavenProject.StartSetting@634baf]" name="StartBrowser" duration-ms="10385" started-at="2013-08-23T20:29:57Z" finished-at="2013-08-23T20:30:07Z">
          <reporter-output>
          </reporter-output>
        </test-method> <!-- StartBrowser -->
        <test-method status="PASS" signature="NavigateURL()[pri:0, instance:MavenProject.StartSetting@634baf]" name="NavigateURL" duration-ms="6443" started-at="2013-08-23T20:30:07Z" finished-at="2013-08-23T20:30:13Z">
          <reporter-output>
          </reporter-output>
        </test-method> <!-- NavigateURL -->
      </class> <!-- MavenProject.StartSetting -->
    </test> <!-- Default test -->
  </suite> <!-- Default suite -->
</testng-results>
